[0.532s] DEBUG:colcon:Command line arguments: ['/usr/bin/colcon', 'build', '--symlink-install']
[0.533s] DEBUG:colcon:Parsed command line arguments: Namespace(log_base=None, log_level=None, verb_name='build', build_base='build', install_base='install', merge_install=False, symlink_install=True, test_result_base=None, continue_on_error=False, executor='parallel', parallel_workers=8, event_handlers=None, ignore_user_meta=False, metas=['./colcon.meta'], base_paths=['.'], packages_ignore=None, packages_ignore_regex=None, paths=None, packages_up_to=None, packages_up_to_regex=None, packages_above=None, packages_above_and_dependencies=None, packages_above_depth=None, packages_select_by_dep=None, packages_skip_by_dep=None, packages_skip_up_to=None, packages_select_build_failed=False, packages_skip_build_finished=False, packages_select_test_failures=False, packages_skip_test_passed=False, packages_select=None, packages_skip=None, packages_select_regex=None, packages_skip_regex=None, packages_start=None, packages_end=None, allow_overriding=[], cmake_args=None, cmake_target=None, cmake_target_skip_unavailable=False, cmake_clean_cache=False, cmake_clean_first=False, cmake_force_configure=False, ament_cmake_args=None, catkin_cmake_args=None, catkin_skip_building_tests=False, verb_parser=<colcon_defaults.argument_parser.defaults.DefaultArgumentsDecorator object at 0x7f22b142bbb0>, verb_extension=<colcon_core.verb.build.BuildVerb object at 0x7f22b142b280>, main=<bound method BuildVerb.main of <colcon_core.verb.build.BuildVerb object at 0x7f22b142b280>>)
[1.048s] Level 1:colcon.colcon_core.package_discovery:discover_packages(colcon_meta) check parameters
[1.048s] Level 1:colcon.colcon_core.package_discovery:discover_packages(recursive) check parameters
[1.048s] Level 1:colcon.colcon_core.package_discovery:discover_packages(ignore) check parameters
[1.048s] Level 1:colcon.colcon_core.package_discovery:discover_packages(path) check parameters
[1.048s] Level 1:colcon.colcon_core.package_discovery:discover_packages(colcon_meta) discover
[1.049s] Level 1:colcon.colcon_core.package_discovery:discover_packages(recursive) discover
[1.049s] INFO:colcon.colcon_core.package_discovery:Crawling recursively for packages in '/home/kongpop/week4_ws/src/articubot_one'
[1.050s] Level 1:colcon.colcon_core.package_identification:_identify(.) by extensions ['ignore', 'ignore_ament_install']
[1.050s] Level 1:colcon.colcon_core.package_identification:_identify(.) by extension 'ignore'
[1.051s] Level 1:colcon.colcon_core.package_identification:_identify(.) by extension 'ignore_ament_install'
[1.051s] Level 1:colcon.colcon_core.package_identification:_identify(.) by extensions ['colcon_pkg']
[1.052s] Level 1:colcon.colcon_core.package_identification:_identify(.) by extension 'colcon_pkg'
[1.052s] Level 1:colcon.colcon_core.package_identification:_identify(.) by extensions ['colcon_meta']
[1.052s] Level 1:colcon.colcon_core.package_identification:_identify(.) by extension 'colcon_meta'
[1.052s] Level 1:colcon.colcon_core.package_identification:_identify(.) by extensions ['ros']
[1.052s] Level 1:colcon.colcon_core.package_identification:_identify(.) by extension 'ros'
[1.094s] DEBUG:colcon.colcon_core.package_identification:Package '.' with type 'ros.ament_cmake' and name 'articubot_one'
[1.094s] Level 1:colcon.colcon_core.package_discovery:discover_packages(recursive) using defaults
[1.094s] Level 1:colcon.colcon_core.package_discovery:discover_packages(ignore) discover
[1.094s] Level 1:colcon.colcon_core.package_discovery:discover_packages(ignore) using defaults
[1.094s] Level 1:colcon.colcon_core.package_discovery:discover_packages(path) discover
[1.094s] Level 1:colcon.colcon_core.package_discovery:discover_packages(path) using defaults
[1.149s] Level 1:colcon.colcon_core.package_discovery:discover_packages(prefix_path) check parameters
[1.149s] Level 1:colcon.colcon_core.package_discovery:discover_packages(prefix_path) discover
[1.158s] DEBUG:colcon.colcon_installed_package_information.package_discovery:Found 299 installed packages in /opt/ros/humble
[1.166s] Level 1:colcon.colcon_core.package_discovery:discover_packages(prefix_path) using defaults
[1.314s] Level 5:colcon.colcon_core.verb:set package 'articubot_one' build argument 'cmake_args' from command line to 'None'
[1.315s] Level 5:colcon.colcon_core.verb:set package 'articubot_one' build argument 'cmake_target' from command line to 'None'
[1.315s] Level 5:colcon.colcon_core.verb:set package 'articubot_one' build argument 'cmake_target_skip_unavailable' from command line to 'False'
[1.315s] Level 5:colcon.colcon_core.verb:set package 'articubot_one' build argument 'cmake_clean_cache' from command line to 'False'
[1.315s] Level 5:colcon.colcon_core.verb:set package 'articubot_one' build argument 'cmake_clean_first' from command line to 'False'
[1.315s] Level 5:colcon.colcon_core.verb:set package 'articubot_one' build argument 'cmake_force_configure' from command line to 'False'
[1.315s] Level 5:colcon.colcon_core.verb:set package 'articubot_one' build argument 'ament_cmake_args' from command line to 'None'
[1.315s] Level 5:colcon.colcon_core.verb:set package 'articubot_one' build argument 'catkin_cmake_args' from command line to 'None'
[1.315s] Level 5:colcon.colcon_core.verb:set package 'articubot_one' build argument 'catkin_skip_building_tests' from command line to 'False'
[1.316s] DEBUG:colcon.colcon_core.verb:Building package 'articubot_one' with the following arguments: {'ament_cmake_args': None, 'build_base': '/home/kongpop/week4_ws/src/articubot_one/build/articubot_one', 'catkin_cmake_args': None, 'catkin_skip_building_tests': False, 'cmake_args': None, 'cmake_clean_cache': False, 'cmake_clean_first': False, 'cmake_force_configure': False, 'cmake_target': None, 'cmake_target_skip_unavailable': False, 'install_base': '/home/kongpop/week4_ws/src/articubot_one/install/articubot_one', 'merge_install': False, 'path': '/home/kongpop/week4_ws/src/articubot_one', 'symlink_install': True, 'test_result_base': None}
[1.316s] INFO:colcon.colcon_core.executor:Executing jobs using 'parallel' executor
[1.319s] DEBUG:colcon.colcon_parallel_executor.executor.parallel:run_until_complete
[1.320s] INFO:colcon.colcon_ros.task.ament_cmake.build:Building ROS package in '/home/kongpop/week4_ws/src/articubot_one' with build type 'ament_cmake'
[1.321s] INFO:colcon.colcon_cmake.task.cmake.build:Building CMake package in '/home/kongpop/week4_ws/src/articubot_one'
[1.328s] INFO:colcon.colcon_core.plugin_system:Skipping extension 'colcon_core.shell.bat': Not used on non-Windows systems
[1.329s] INFO:colcon.colcon_core.shell:Skip shell extension 'powershell' for command environment: Not usable outside of PowerShell
[1.330s] DEBUG:colcon.colcon_core.shell:Skip shell extension 'dsv' for command environment
[1.363s] DEBUG:colcon.colcon_core.event_handler.log_command:Invoking command in '/home/kongpop/week4_ws/src/articubot_one/build/articubot_one': CMAKE_PREFIX_PATH=/opt/ros/humble /usr/bin/cmake --build /home/kongpop/week4_ws/src/articubot_one/build/articubot_one -- -j8 -l8
[1.502s] DEBUG:colcon.colcon_core.event_handler.log_command:Invoked command in '/home/kongpop/week4_ws/src/articubot_one/build/articubot_one' returned '0': CMAKE_PREFIX_PATH=/opt/ros/humble /usr/bin/cmake --build /home/kongpop/week4_ws/src/articubot_one/build/articubot_one -- -j8 -l8
[1.526s] DEBUG:colcon.colcon_core.event_handler.log_command:Invoking command in '/home/kongpop/week4_ws/src/articubot_one/build/articubot_one': CMAKE_PREFIX_PATH=/opt/ros/humble /usr/bin/cmake --install /home/kongpop/week4_ws/src/articubot_one/build/articubot_one
[1.798s] Level 1:colcon.colcon_core.environment:create_environment_scripts_only(articubot_one)
[1.800s] DEBUG:colcon.colcon_core.event_handler.log_command:Invoked command in '/home/kongpop/week4_ws/src/articubot_one/build/articubot_one' returned '0': CMAKE_PREFIX_PATH=/opt/ros/humble /usr/bin/cmake --install /home/kongpop/week4_ws/src/articubot_one/build/articubot_one
[1.807s] Level 1:colcon.colcon_core.environment:checking '/home/kongpop/week4_ws/src/articubot_one/install/articubot_one' for CMake module files
[1.808s] Level 1:colcon.colcon_core.environment:checking '/home/kongpop/week4_ws/src/articubot_one/install/articubot_one' for CMake config files
[1.809s] Level 1:colcon.colcon_core.shell:create_environment_hook('articubot_one', 'cmake_prefix_path')
[1.810s] INFO:colcon.colcon_core.shell:Creating environment hook '/home/kongpop/week4_ws/src/articubot_one/install/articubot_one/share/articubot_one/hook/cmake_prefix_path.ps1'
[1.813s] INFO:colcon.colcon_core.shell:Creating environment descriptor '/home/kongpop/week4_ws/src/articubot_one/install/articubot_one/share/articubot_one/hook/cmake_prefix_path.dsv'
[1.814s] INFO:colcon.colcon_core.shell:Creating environment hook '/home/kongpop/week4_ws/src/articubot_one/install/articubot_one/share/articubot_one/hook/cmake_prefix_path.sh'
[1.816s] Level 1:colcon.colcon_core.environment:checking '/home/kongpop/week4_ws/src/articubot_one/install/articubot_one/bin'
[1.817s] Level 1:colcon.colcon_core.environment:checking '/home/kongpop/week4_ws/src/articubot_one/install/articubot_one/lib/pkgconfig/articubot_one.pc'
[1.817s] Level 1:colcon.colcon_core.environment:checking '/home/kongpop/week4_ws/src/articubot_one/install/articubot_one/lib/python3.10/site-packages'
[1.817s] Level 1:colcon.colcon_core.environment:checking '/home/kongpop/week4_ws/src/articubot_one/install/articubot_one/bin'
[1.818s] INFO:colcon.colcon_core.shell:Creating package script '/home/kongpop/week4_ws/src/articubot_one/install/articubot_one/share/articubot_one/package.ps1'
[1.821s] INFO:colcon.colcon_core.shell:Creating package descriptor '/home/kongpop/week4_ws/src/articubot_one/install/articubot_one/share/articubot_one/package.dsv'
[1.823s] INFO:colcon.colcon_core.shell:Creating package script '/home/kongpop/week4_ws/src/articubot_one/install/articubot_one/share/articubot_one/package.sh'
[1.825s] INFO:colcon.colcon_core.shell:Creating package script '/home/kongpop/week4_ws/src/articubot_one/install/articubot_one/share/articubot_one/package.bash'
[1.827s] INFO:colcon.colcon_core.shell:Creating package script '/home/kongpop/week4_ws/src/articubot_one/install/articubot_one/share/articubot_one/package.zsh'
[1.830s] Level 1:colcon.colcon_core.environment:create_file_with_runtime_dependencies(/home/kongpop/week4_ws/src/articubot_one/install/articubot_one/share/colcon-core/packages/articubot_one)
[1.834s] Level 1:colcon.colcon_core.environment:create_environment_scripts_only(articubot_one)
[1.835s] Level 1:colcon.colcon_core.environment:checking '/home/kongpop/week4_ws/src/articubot_one/install/articubot_one' for CMake module files
[1.838s] Level 1:colcon.colcon_core.environment:checking '/home/kongpop/week4_ws/src/articubot_one/install/articubot_one' for CMake config files
[1.840s] Level 1:colcon.colcon_core.shell:create_environment_hook('articubot_one', 'cmake_prefix_path')
[1.841s] INFO:colcon.colcon_core.shell:Creating environment hook '/home/kongpop/week4_ws/src/articubot_one/install/articubot_one/share/articubot_one/hook/cmake_prefix_path.ps1'
[1.843s] INFO:colcon.colcon_core.shell:Creating environment descriptor '/home/kongpop/week4_ws/src/articubot_one/install/articubot_one/share/articubot_one/hook/cmake_prefix_path.dsv'
[1.845s] INFO:colcon.colcon_core.shell:Creating environment hook '/home/kongpop/week4_ws/src/articubot_one/install/articubot_one/share/articubot_one/hook/cmake_prefix_path.sh'
[1.847s] Level 1:colcon.colcon_core.environment:checking '/home/kongpop/week4_ws/src/articubot_one/install/articubot_one/bin'
[1.848s] Level 1:colcon.colcon_core.environment:checking '/home/kongpop/week4_ws/src/articubot_one/install/articubot_one/lib/pkgconfig/articubot_one.pc'
[1.848s] Level 1:colcon.colcon_core.environment:checking '/home/kongpop/week4_ws/src/articubot_one/install/articubot_one/lib/python3.10/site-packages'
[1.849s] Level 1:colcon.colcon_core.environment:checking '/home/kongpop/week4_ws/src/articubot_one/install/articubot_one/bin'
[1.850s] INFO:colcon.colcon_core.shell:Creating package script '/home/kongpop/week4_ws/src/articubot_one/install/articubot_one/share/articubot_one/package.ps1'
[1.852s] INFO:colcon.colcon_core.shell:Creating package descriptor '/home/kongpop/week4_ws/src/articubot_one/install/articubot_one/share/articubot_one/package.dsv'
[1.853s] INFO:colcon.colcon_core.shell:Creating package script '/home/kongpop/week4_ws/src/articubot_one/install/articubot_one/share/articubot_one/package.sh'
[1.854s] INFO:colcon.colcon_core.shell:Creating package script '/home/kongpop/week4_ws/src/articubot_one/install/articubot_one/share/articubot_one/package.bash'
[1.855s] INFO:colcon.colcon_core.shell:Creating package script '/home/kongpop/week4_ws/src/articubot_one/install/articubot_one/share/articubot_one/package.zsh'
[1.856s] Level 1:colcon.colcon_core.environment:create_file_with_runtime_dependencies(/home/kongpop/week4_ws/src/articubot_one/install/articubot_one/share/colcon-core/packages/articubot_one)
[1.858s] DEBUG:colcon.colcon_parallel_executor.executor.parallel:closing loop
[1.859s] DEBUG:colcon.colcon_parallel_executor.executor.parallel:loop closed
[1.860s] DEBUG:colcon.colcon_parallel_executor.executor.parallel:run_until_complete finished with '0'
[1.861s] DEBUG:colcon.colcon_core.event_reactor:joining thread
[1.987s] INFO:colcon.colcon_core.plugin_system:Skipping extension 'colcon_notification.desktop_notification.notify_send': Could not find 'notify-send'
[1.987s] INFO:colcon.colcon_core.plugin_system:Skipping extension 'colcon_notification.desktop_notification.terminal_notifier': Not used on non-Darwin systems
[1.988s] INFO:colcon.colcon_core.plugin_system:Skipping extension 'colcon_notification.desktop_notification.win32': Not used on non-Windows systems
[1.988s] INFO:colcon.colcon_notification.desktop_notification:Sending desktop notification using 'notify2'
[1.996s] DEBUG:colcon.colcon_notification.desktop_notification.notify2:Failed to initialize notify2: org.freedesktop.DBus.Error.ServiceUnknown: The name org.freedesktop.Notifications was not provided by any .service files
[1.997s] DEBUG:colcon.colcon_core.event_reactor:joined thread
[1.998s] INFO:colcon.colcon_core.shell:Creating prefix script '/home/kongpop/week4_ws/src/articubot_one/install/local_setup.ps1'
[2.001s] INFO:colcon.colcon_core.shell:Creating prefix util module '/home/kongpop/week4_ws/src/articubot_one/install/_local_setup_util_ps1.py'
[2.006s] INFO:colcon.colcon_core.shell:Creating prefix chain script '/home/kongpop/week4_ws/src/articubot_one/install/setup.ps1'
[2.010s] INFO:colcon.colcon_core.shell:Creating prefix script '/home/kongpop/week4_ws/src/articubot_one/install/local_setup.sh'
[2.014s] INFO:colcon.colcon_core.shell:Creating prefix util module '/home/kongpop/week4_ws/src/articubot_one/install/_local_setup_util_sh.py'
[2.016s] INFO:colcon.colcon_core.shell:Creating prefix chain script '/home/kongpop/week4_ws/src/articubot_one/install/setup.sh'
[2.020s] INFO:colcon.colcon_core.shell:Creating prefix script '/home/kongpop/week4_ws/src/articubot_one/install/local_setup.bash'
[2.022s] INFO:colcon.colcon_core.shell:Creating prefix chain script '/home/kongpop/week4_ws/src/articubot_one/install/setup.bash'
[2.024s] INFO:colcon.colcon_core.shell:Creating prefix script '/home/kongpop/week4_ws/src/articubot_one/install/local_setup.zsh'
[2.025s] INFO:colcon.colcon_core.shell:Creating prefix chain script '/home/kongpop/week4_ws/src/articubot_one/install/setup.zsh'
