[0.586s] DEBUG:colcon:Command line arguments: ['/usr/bin/colcon', 'build', '--symlink-install']
[0.587s] DEBUG:colcon:Parsed command line arguments: Namespace(log_base=None, log_level=None, verb_name='build', build_base='build', install_base='install', merge_install=False, symlink_install=True, test_result_base=None, continue_on_error=False, executor='parallel', parallel_workers=8, event_handlers=None, ignore_user_meta=False, metas=['./colcon.meta'], base_paths=['.'], packages_ignore=None, packages_ignore_regex=None, paths=None, packages_up_to=None, packages_up_to_regex=None, packages_above=None, packages_above_and_dependencies=None, packages_above_depth=None, packages_select_by_dep=None, packages_skip_by_dep=None, packages_skip_up_to=None, packages_select_build_failed=False, packages_skip_build_finished=False, packages_select_test_failures=False, packages_skip_test_passed=False, packages_select=None, packages_skip=None, packages_select_regex=None, packages_skip_regex=None, packages_start=None, packages_end=None, allow_overriding=[], cmake_args=None, cmake_target=None, cmake_target_skip_unavailable=False, cmake_clean_cache=False, cmake_clean_first=False, cmake_force_configure=False, ament_cmake_args=None, catkin_cmake_args=None, catkin_skip_building_tests=False, verb_parser=<colcon_defaults.argument_parser.defaults.DefaultArgumentsDecorator object at 0x7fdc9f2c40a0>, verb_extension=<colcon_core.verb.build.BuildVerb object at 0x7fdc9f28b7c0>, main=<bound method BuildVerb.main of <colcon_core.verb.build.BuildVerb object at 0x7fdc9f28b7c0>>)
[1.068s] Level 1:colcon.colcon_core.package_discovery:discover_packages(colcon_meta) check parameters
[1.069s] Level 1:colcon.colcon_core.package_discovery:discover_packages(recursive) check parameters
[1.069s] Level 1:colcon.colcon_core.package_discovery:discover_packages(ignore) check parameters
[1.069s] Level 1:colcon.colcon_core.package_discovery:discover_packages(path) check parameters
[1.069s] Level 1:colcon.colcon_core.package_discovery:discover_packages(colcon_meta) discover
[1.069s] Level 1:colcon.colcon_core.package_discovery:discover_packages(recursive) discover
[1.069s] INFO:colcon.colcon_core.package_discovery:Crawling recursively for packages in '/home/kongpop/week4_ws/src/articubot_one'
[1.070s] Level 1:colcon.colcon_core.package_identification:_identify(.) by extensions ['ignore', 'ignore_ament_install']
[1.070s] Level 1:colcon.colcon_core.package_identification:_identify(.) by extension 'ignore'
[1.070s] Level 1:colcon.colcon_core.package_identification:_identify(.) by extension 'ignore_ament_install'
[1.070s] Level 1:colcon.colcon_core.package_identification:_identify(.) by extensions ['colcon_pkg']
[1.070s] Level 1:colcon.colcon_core.package_identification:_identify(.) by extension 'colcon_pkg'
[1.071s] Level 1:colcon.colcon_core.package_identification:_identify(.) by extensions ['colcon_meta']
[1.071s] Level 1:colcon.colcon_core.package_identification:_identify(.) by extension 'colcon_meta'
[1.071s] Level 1:colcon.colcon_core.package_identification:_identify(.) by extensions ['ros']
[1.071s] Level 1:colcon.colcon_core.package_identification:_identify(.) by extension 'ros'
[1.120s] DEBUG:colcon.colcon_core.package_identification:Package '.' with type 'ros.ament_cmake' and name 'articubot_one'
[1.121s] Level 1:colcon.colcon_core.package_discovery:discover_packages(recursive) using defaults
[1.121s] Level 1:colcon.colcon_core.package_discovery:discover_packages(ignore) discover
[1.121s] Level 1:colcon.colcon_core.package_discovery:discover_packages(ignore) using defaults
[1.121s] Level 1:colcon.colcon_core.package_discovery:discover_packages(path) discover
[1.121s] Level 1:colcon.colcon_core.package_discovery:discover_packages(path) using defaults
[1.169s] Level 1:colcon.colcon_core.package_discovery:discover_packages(prefix_path) check parameters
[1.169s] Level 1:colcon.colcon_core.package_discovery:discover_packages(prefix_path) discover
[1.177s] DEBUG:colcon.colcon_installed_package_information.package_discovery:Found 12 installed packages in /home/kongpop/turtlebot3_ws/install
[1.179s] DEBUG:colcon.colcon_installed_package_information.package_discovery:Found 369 installed packages in /opt/ros/humble
[1.199s] Level 1:colcon.colcon_core.package_discovery:discover_packages(prefix_path) using defaults
[1.299s] Level 5:colcon.colcon_core.verb:set package 'articubot_one' build argument 'cmake_args' from command line to 'None'
[1.299s] Level 5:colcon.colcon_core.verb:set package 'articubot_one' build argument 'cmake_target' from command line to 'None'
[1.300s] Level 5:colcon.colcon_core.verb:set package 'articubot_one' build argument 'cmake_target_skip_unavailable' from command line to 'False'
[1.300s] Level 5:colcon.colcon_core.verb:set package 'articubot_one' build argument 'cmake_clean_cache' from command line to 'False'
[1.300s] Level 5:colcon.colcon_core.verb:set package 'articubot_one' build argument 'cmake_clean_first' from command line to 'False'
[1.300s] Level 5:colcon.colcon_core.verb:set package 'articubot_one' build argument 'cmake_force_configure' from command line to 'False'
[1.300s] Level 5:colcon.colcon_core.verb:set package 'articubot_one' build argument 'ament_cmake_args' from command line to 'None'
[1.300s] Level 5:colcon.colcon_core.verb:set package 'articubot_one' build argument 'catkin_cmake_args' from command line to 'None'
[1.300s] Level 5:colcon.colcon_core.verb:set package 'articubot_one' build argument 'catkin_skip_building_tests' from command line to 'False'
[1.300s] DEBUG:colcon.colcon_core.verb:Building package 'articubot_one' with the following arguments: {'ament_cmake_args': None, 'build_base': '/home/kongpop/week4_ws/src/articubot_one/build/articubot_one', 'catkin_cmake_args': None, 'catkin_skip_building_tests': False, 'cmake_args': None, 'cmake_clean_cache': False, 'cmake_clean_first': False, 'cmake_force_configure': False, 'cmake_target': None, 'cmake_target_skip_unavailable': False, 'install_base': '/home/kongpop/week4_ws/src/articubot_one/install/articubot_one', 'merge_install': False, 'path': '/home/kongpop/week4_ws/src/articubot_one', 'symlink_install': True, 'test_result_base': None}
[1.300s] INFO:colcon.colcon_core.executor:Executing jobs using 'parallel' executor
[1.301s] DEBUG:colcon.colcon_parallel_executor.executor.parallel:run_until_complete
[1.302s] INFO:colcon.colcon_ros.task.ament_cmake.build:Building ROS package in '/home/kongpop/week4_ws/src/articubot_one' with build type 'ament_cmake'
[1.302s] INFO:colcon.colcon_cmake.task.cmake.build:Building CMake package in '/home/kongpop/week4_ws/src/articubot_one'
[1.312s] INFO:colcon.colcon_core.plugin_system:Skipping extension 'colcon_core.shell.bat': Not used on non-Windows systems
[1.313s] INFO:colcon.colcon_core.shell:Skip shell extension 'powershell' for command environment: Not usable outside of PowerShell
[1.313s] DEBUG:colcon.colcon_core.shell:Skip shell extension 'dsv' for command environment
[1.334s] DEBUG:colcon.colcon_core.event_handler.log_command:Invoking command in '/home/kongpop/week4_ws/src/articubot_one/build/articubot_one': CMAKE_PREFIX_PATH=${CMAKE_PREFIX_PATH}:/home/kongpop/turtlebot3_ws/install/turtlebot3_teleop:/home/kongpop/turtlebot3_ws/install/turtlebot3_example:/opt/ros/humble /usr/bin/cmake --build /home/kongpop/week4_ws/src/articubot_one/build/articubot_one -- -j8 -l8
[1.467s] DEBUG:colcon.colcon_core.event_handler.log_command:Invoked command in '/home/kongpop/week4_ws/src/articubot_one/build/articubot_one' returned '0': CMAKE_PREFIX_PATH=${CMAKE_PREFIX_PATH}:/home/kongpop/turtlebot3_ws/install/turtlebot3_teleop:/home/kongpop/turtlebot3_ws/install/turtlebot3_example:/opt/ros/humble /usr/bin/cmake --build /home/kongpop/week4_ws/src/articubot_one/build/articubot_one -- -j8 -l8
[1.481s] DEBUG:colcon.colcon_core.event_handler.log_command:Invoking command in '/home/kongpop/week4_ws/src/articubot_one/build/articubot_one': CMAKE_PREFIX_PATH=${CMAKE_PREFIX_PATH}:/home/kongpop/turtlebot3_ws/install/turtlebot3_teleop:/home/kongpop/turtlebot3_ws/install/turtlebot3_example:/opt/ros/humble /usr/bin/cmake --install /home/kongpop/week4_ws/src/articubot_one/build/articubot_one
[1.555s] Level 1:colcon.colcon_core.environment:create_environment_scripts_only(articubot_one)
[1.556s] DEBUG:colcon.colcon_core.event_handler.log_command:Invoked command in '/home/kongpop/week4_ws/src/articubot_one/build/articubot_one' returned '0': CMAKE_PREFIX_PATH=${CMAKE_PREFIX_PATH}:/home/kongpop/turtlebot3_ws/install/turtlebot3_teleop:/home/kongpop/turtlebot3_ws/install/turtlebot3_example:/opt/ros/humble /usr/bin/cmake --install /home/kongpop/week4_ws/src/articubot_one/build/articubot_one
[1.568s] Level 1:colcon.colcon_core.environment:checking '/home/kongpop/week4_ws/src/articubot_one/install/articubot_one' for CMake module files
[1.569s] Level 1:colcon.colcon_core.environment:checking '/home/kongpop/week4_ws/src/articubot_one/install/articubot_one' for CMake config files
[1.569s] Level 1:colcon.colcon_core.shell:create_environment_hook('articubot_one', 'cmake_prefix_path')
[1.570s] INFO:colcon.colcon_core.shell:Creating environment hook '/home/kongpop/week4_ws/src/articubot_one/install/articubot_one/share/articubot_one/hook/cmake_prefix_path.ps1'
[1.571s] INFO:colcon.colcon_core.shell:Creating environment descriptor '/home/kongpop/week4_ws/src/articubot_one/install/articubot_one/share/articubot_one/hook/cmake_prefix_path.dsv'
[1.573s] INFO:colcon.colcon_core.shell:Creating environment hook '/home/kongpop/week4_ws/src/articubot_one/install/articubot_one/share/articubot_one/hook/cmake_prefix_path.sh'
[1.575s] Level 1:colcon.colcon_core.environment:checking '/home/kongpop/week4_ws/src/articubot_one/install/articubot_one/bin'
[1.575s] Level 1:colcon.colcon_core.environment:checking '/home/kongpop/week4_ws/src/articubot_one/install/articubot_one/lib/pkgconfig/articubot_one.pc'
[1.575s] Level 1:colcon.colcon_core.environment:checking '/home/kongpop/week4_ws/src/articubot_one/install/articubot_one/lib/python3.10/site-packages'
[1.575s] Level 1:colcon.colcon_core.environment:checking '/home/kongpop/week4_ws/src/articubot_one/install/articubot_one/bin'
[1.576s] INFO:colcon.colcon_core.shell:Creating package script '/home/kongpop/week4_ws/src/articubot_one/install/articubot_one/share/articubot_one/package.ps1'
[1.577s] INFO:colcon.colcon_core.shell:Creating package descriptor '/home/kongpop/week4_ws/src/articubot_one/install/articubot_one/share/articubot_one/package.dsv'
[1.579s] INFO:colcon.colcon_core.shell:Creating package script '/home/kongpop/week4_ws/src/articubot_one/install/articubot_one/share/articubot_one/package.sh'
[1.580s] INFO:colcon.colcon_core.shell:Creating package script '/home/kongpop/week4_ws/src/articubot_one/install/articubot_one/share/articubot_one/package.bash'
[1.582s] INFO:colcon.colcon_core.shell:Creating package script '/home/kongpop/week4_ws/src/articubot_one/install/articubot_one/share/articubot_one/package.zsh'
[1.583s] Level 1:colcon.colcon_core.environment:create_file_with_runtime_dependencies(/home/kongpop/week4_ws/src/articubot_one/install/articubot_one/share/colcon-core/packages/articubot_one)
[1.585s] Level 1:colcon.colcon_core.environment:create_environment_scripts_only(articubot_one)
[1.585s] Level 1:colcon.colcon_core.environment:checking '/home/kongpop/week4_ws/src/articubot_one/install/articubot_one' for CMake module files
[1.586s] Level 1:colcon.colcon_core.environment:checking '/home/kongpop/week4_ws/src/articubot_one/install/articubot_one' for CMake config files
[1.586s] Level 1:colcon.colcon_core.shell:create_environment_hook('articubot_one', 'cmake_prefix_path')
[1.586s] INFO:colcon.colcon_core.shell:Creating environment hook '/home/kongpop/week4_ws/src/articubot_one/install/articubot_one/share/articubot_one/hook/cmake_prefix_path.ps1'
[1.587s] INFO:colcon.colcon_core.shell:Creating environment descriptor '/home/kongpop/week4_ws/src/articubot_one/install/articubot_one/share/articubot_one/hook/cmake_prefix_path.dsv'
[1.587s] INFO:colcon.colcon_core.shell:Creating environment hook '/home/kongpop/week4_ws/src/articubot_one/install/articubot_one/share/articubot_one/hook/cmake_prefix_path.sh'
[1.588s] Level 1:colcon.colcon_core.environment:checking '/home/kongpop/week4_ws/src/articubot_one/install/articubot_one/bin'
[1.588s] Level 1:colcon.colcon_core.environment:checking '/home/kongpop/week4_ws/src/articubot_one/install/articubot_one/lib/pkgconfig/articubot_one.pc'
[1.588s] Level 1:colcon.colcon_core.environment:checking '/home/kongpop/week4_ws/src/articubot_one/install/articubot_one/lib/python3.10/site-packages'
[1.589s] Level 1:colcon.colcon_core.environment:checking '/home/kongpop/week4_ws/src/articubot_one/install/articubot_one/bin'
[1.589s] INFO:colcon.colcon_core.shell:Creating package script '/home/kongpop/week4_ws/src/articubot_one/install/articubot_one/share/articubot_one/package.ps1'
[1.590s] INFO:colcon.colcon_core.shell:Creating package descriptor '/home/kongpop/week4_ws/src/articubot_one/install/articubot_one/share/articubot_one/package.dsv'
[1.591s] INFO:colcon.colcon_core.shell:Creating package script '/home/kongpop/week4_ws/src/articubot_one/install/articubot_one/share/articubot_one/package.sh'
[1.591s] INFO:colcon.colcon_core.shell:Creating package script '/home/kongpop/week4_ws/src/articubot_one/install/articubot_one/share/articubot_one/package.bash'
[1.592s] INFO:colcon.colcon_core.shell:Creating package script '/home/kongpop/week4_ws/src/articubot_one/install/articubot_one/share/articubot_one/package.zsh'
[1.592s] Level 1:colcon.colcon_core.environment:create_file_with_runtime_dependencies(/home/kongpop/week4_ws/src/articubot_one/install/articubot_one/share/colcon-core/packages/articubot_one)
[1.593s] DEBUG:colcon.colcon_parallel_executor.executor.parallel:closing loop
[1.594s] DEBUG:colcon.colcon_parallel_executor.executor.parallel:loop closed
[1.594s] DEBUG:colcon.colcon_parallel_executor.executor.parallel:run_until_complete finished with '0'
[1.594s] DEBUG:colcon.colcon_core.event_reactor:joining thread
[1.663s] INFO:colcon.colcon_core.plugin_system:Skipping extension 'colcon_notification.desktop_notification.notify_send': Could not find 'notify-send'
[1.663s] INFO:colcon.colcon_core.plugin_system:Skipping extension 'colcon_notification.desktop_notification.terminal_notifier': Not used on non-Darwin systems
[1.663s] INFO:colcon.colcon_core.plugin_system:Skipping extension 'colcon_notification.desktop_notification.win32': Not used on non-Windows systems
[1.663s] INFO:colcon.colcon_notification.desktop_notification:Sending desktop notification using 'notify2'
[1.665s] DEBUG:colcon.colcon_notification.desktop_notification.notify2:Failed to initialize notify2: org.freedesktop.DBus.Error.ServiceUnknown: The name org.freedesktop.Notifications was not provided by any .service files
[1.665s] DEBUG:colcon.colcon_core.event_reactor:joined thread
[1.665s] INFO:colcon.colcon_core.shell:Creating prefix script '/home/kongpop/week4_ws/src/articubot_one/install/local_setup.ps1'
[1.667s] INFO:colcon.colcon_core.shell:Creating prefix util module '/home/kongpop/week4_ws/src/articubot_one/install/_local_setup_util_ps1.py'
[1.670s] INFO:colcon.colcon_core.shell:Creating prefix chain script '/home/kongpop/week4_ws/src/articubot_one/install/setup.ps1'
[1.672s] INFO:colcon.colcon_core.shell:Creating prefix script '/home/kongpop/week4_ws/src/articubot_one/install/local_setup.sh'
[1.674s] INFO:colcon.colcon_core.shell:Creating prefix util module '/home/kongpop/week4_ws/src/articubot_one/install/_local_setup_util_sh.py'
[1.675s] INFO:colcon.colcon_core.shell:Creating prefix chain script '/home/kongpop/week4_ws/src/articubot_one/install/setup.sh'
[1.678s] INFO:colcon.colcon_core.shell:Creating prefix script '/home/kongpop/week4_ws/src/articubot_one/install/local_setup.bash'
[1.679s] INFO:colcon.colcon_core.shell:Creating prefix chain script '/home/kongpop/week4_ws/src/articubot_one/install/setup.bash'
[1.682s] INFO:colcon.colcon_core.shell:Creating prefix script '/home/kongpop/week4_ws/src/articubot_one/install/local_setup.zsh'
[1.683s] INFO:colcon.colcon_core.shell:Creating prefix chain script '/home/kongpop/week4_ws/src/articubot_one/install/setup.zsh'
