[0.206s] DEBUG:colcon:Command line arguments: ['/usr/bin/colcon', 'build', '--symlink-install']
[0.206s] DEBUG:colcon:Parsed command line arguments: Namespace(log_base=None, log_level=None, verb_name='build', build_base='build', install_base='install', merge_install=False, symlink_install=True, test_result_base=None, continue_on_error=False, executor='parallel', parallel_workers=8, event_handlers=None, ignore_user_meta=False, metas=['./colcon.meta'], base_paths=['.'], packages_ignore=None, packages_ignore_regex=None, paths=None, packages_up_to=None, packages_up_to_regex=None, packages_above=None, packages_above_and_dependencies=None, packages_above_depth=None, packages_select_by_dep=None, packages_skip_by_dep=None, packages_skip_up_to=None, packages_select_build_failed=False, packages_skip_build_finished=False, packages_select_test_failures=False, packages_skip_test_passed=False, packages_select=None, packages_skip=None, packages_select_regex=None, packages_skip_regex=None, packages_start=None, packages_end=None, allow_overriding=[], cmake_args=None, cmake_target=None, cmake_target_skip_unavailable=False, cmake_clean_cache=False, cmake_clean_first=False, cmake_force_configure=False, ament_cmake_args=None, catkin_cmake_args=None, catkin_skip_building_tests=False, verb_parser=<colcon_defaults.argument_parser.defaults.DefaultArgumentsDecorator object at 0x7ff7995a3bb0>, verb_extension=<colcon_core.verb.build.BuildVerb object at 0x7ff7995a3280>, main=<bound method BuildVerb.main of <colcon_core.verb.build.BuildVerb object at 0x7ff7995a3280>>)
[0.391s] Level 1:colcon.colcon_core.package_discovery:discover_packages(colcon_meta) check parameters
[0.391s] Level 1:colcon.colcon_core.package_discovery:discover_packages(recursive) check parameters
[0.391s] Level 1:colcon.colcon_core.package_discovery:discover_packages(ignore) check parameters
[0.391s] Level 1:colcon.colcon_core.package_discovery:discover_packages(path) check parameters
[0.391s] Level 1:colcon.colcon_core.package_discovery:discover_packages(colcon_meta) discover
[0.391s] Level 1:colcon.colcon_core.package_discovery:discover_packages(recursive) discover
[0.391s] INFO:colcon.colcon_core.package_discovery:Crawling recursively for packages in '/home/kongpop/week4_ws/src/articubot_one'
[0.391s] Level 1:colcon.colcon_core.package_identification:_identify(.) by extensions ['ignore', 'ignore_ament_install']
[0.391s] Level 1:colcon.colcon_core.package_identification:_identify(.) by extension 'ignore'
[0.391s] Level 1:colcon.colcon_core.package_identification:_identify(.) by extension 'ignore_ament_install'
[0.391s] Level 1:colcon.colcon_core.package_identification:_identify(.) by extensions ['colcon_pkg']
[0.391s] Level 1:colcon.colcon_core.package_identification:_identify(.) by extension 'colcon_pkg'
[0.392s] Level 1:colcon.colcon_core.package_identification:_identify(.) by extensions ['colcon_meta']
[0.392s] Level 1:colcon.colcon_core.package_identification:_identify(.) by extension 'colcon_meta'
[0.392s] Level 1:colcon.colcon_core.package_identification:_identify(.) by extensions ['ros']
[0.392s] Level 1:colcon.colcon_core.package_identification:_identify(.) by extension 'ros'
[0.408s] DEBUG:colcon.colcon_core.package_identification:Package '.' with type 'ros.ament_cmake' and name 'articubot_one'
[0.408s] Level 1:colcon.colcon_core.package_discovery:discover_packages(recursive) using defaults
[0.408s] Level 1:colcon.colcon_core.package_discovery:discover_packages(ignore) discover
[0.408s] Level 1:colcon.colcon_core.package_discovery:discover_packages(ignore) using defaults
[0.408s] Level 1:colcon.colcon_core.package_discovery:discover_packages(path) discover
[0.408s] Level 1:colcon.colcon_core.package_discovery:discover_packages(path) using defaults
[0.432s] Level 1:colcon.colcon_core.package_discovery:discover_packages(prefix_path) check parameters
[0.432s] Level 1:colcon.colcon_core.package_discovery:discover_packages(prefix_path) discover
[0.435s] DEBUG:colcon.colcon_installed_package_information.package_discovery:Found 295 installed packages in /opt/ros/humble
[0.438s] Level 1:colcon.colcon_core.package_discovery:discover_packages(prefix_path) using defaults
[0.498s] Level 5:colcon.colcon_core.verb:set package 'articubot_one' build argument 'cmake_args' from command line to 'None'
[0.498s] Level 5:colcon.colcon_core.verb:set package 'articubot_one' build argument 'cmake_target' from command line to 'None'
[0.499s] Level 5:colcon.colcon_core.verb:set package 'articubot_one' build argument 'cmake_target_skip_unavailable' from command line to 'False'
[0.499s] Level 5:colcon.colcon_core.verb:set package 'articubot_one' build argument 'cmake_clean_cache' from command line to 'False'
[0.499s] Level 5:colcon.colcon_core.verb:set package 'articubot_one' build argument 'cmake_clean_first' from command line to 'False'
[0.499s] Level 5:colcon.colcon_core.verb:set package 'articubot_one' build argument 'cmake_force_configure' from command line to 'False'
[0.499s] Level 5:colcon.colcon_core.verb:set package 'articubot_one' build argument 'ament_cmake_args' from command line to 'None'
[0.499s] Level 5:colcon.colcon_core.verb:set package 'articubot_one' build argument 'catkin_cmake_args' from command line to 'None'
[0.499s] Level 5:colcon.colcon_core.verb:set package 'articubot_one' build argument 'catkin_skip_building_tests' from command line to 'False'
[0.499s] DEBUG:colcon.colcon_core.verb:Building package 'articubot_one' with the following arguments: {'ament_cmake_args': None, 'build_base': '/home/kongpop/week4_ws/src/articubot_one/build/articubot_one', 'catkin_cmake_args': None, 'catkin_skip_building_tests': False, 'cmake_args': None, 'cmake_clean_cache': False, 'cmake_clean_first': False, 'cmake_force_configure': False, 'cmake_target': None, 'cmake_target_skip_unavailable': False, 'install_base': '/home/kongpop/week4_ws/src/articubot_one/install/articubot_one', 'merge_install': False, 'path': '/home/kongpop/week4_ws/src/articubot_one', 'symlink_install': True, 'test_result_base': None}
[0.499s] INFO:colcon.colcon_core.executor:Executing jobs using 'parallel' executor
[0.500s] DEBUG:colcon.colcon_parallel_executor.executor.parallel:run_until_complete
[0.501s] INFO:colcon.colcon_ros.task.ament_cmake.build:Building ROS package in '/home/kongpop/week4_ws/src/articubot_one' with build type 'ament_cmake'
[0.501s] INFO:colcon.colcon_cmake.task.cmake.build:Building CMake package in '/home/kongpop/week4_ws/src/articubot_one'
[0.505s] INFO:colcon.colcon_core.plugin_system:Skipping extension 'colcon_core.shell.bat': Not used on non-Windows systems
[0.506s] INFO:colcon.colcon_core.shell:Skip shell extension 'powershell' for command environment: Not usable outside of PowerShell
[0.506s] DEBUG:colcon.colcon_core.shell:Skip shell extension 'dsv' for command environment
[0.522s] DEBUG:colcon.colcon_core.event_handler.log_command:Invoking command in '/home/kongpop/week4_ws/src/articubot_one/build/articubot_one': CMAKE_PREFIX_PATH=/opt/ros/humble /usr/bin/cmake /home/kongpop/week4_ws/src/articubot_one -DAMENT_CMAKE_SYMLINK_INSTALL=1 -DCMAKE_INSTALL_PREFIX=/home/kongpop/week4_ws/src/articubot_one/install/articubot_one
[3.006s] DEBUG:colcon.colcon_core.event_handler.log_command:Invoked command in '/home/kongpop/week4_ws/src/articubot_one/build/articubot_one' returned '0': CMAKE_PREFIX_PATH=/opt/ros/humble /usr/bin/cmake /home/kongpop/week4_ws/src/articubot_one -DAMENT_CMAKE_SYMLINK_INSTALL=1 -DCMAKE_INSTALL_PREFIX=/home/kongpop/week4_ws/src/articubot_one/install/articubot_one
[3.010s] DEBUG:colcon.colcon_core.event_handler.log_command:Invoking command in '/home/kongpop/week4_ws/src/articubot_one/build/articubot_one': CMAKE_PREFIX_PATH=/opt/ros/humble /usr/bin/cmake --build /home/kongpop/week4_ws/src/articubot_one/build/articubot_one -- -j8 -l8
[3.051s] DEBUG:colcon.colcon_core.event_handler.log_command:Invoked command in '/home/kongpop/week4_ws/src/articubot_one/build/articubot_one' returned '0': CMAKE_PREFIX_PATH=/opt/ros/humble /usr/bin/cmake --build /home/kongpop/week4_ws/src/articubot_one/build/articubot_one -- -j8 -l8
[3.063s] DEBUG:colcon.colcon_core.event_handler.log_command:Invoking command in '/home/kongpop/week4_ws/src/articubot_one/build/articubot_one': CMAKE_PREFIX_PATH=/opt/ros/humble /usr/bin/cmake --install /home/kongpop/week4_ws/src/articubot_one/build/articubot_one
[3.522s] Level 1:colcon.colcon_core.environment:create_environment_scripts_only(articubot_one)
[3.523s] DEBUG:colcon.colcon_core.event_handler.log_command:Invoked command in '/home/kongpop/week4_ws/src/articubot_one/build/articubot_one' returned '0': CMAKE_PREFIX_PATH=/opt/ros/humble /usr/bin/cmake --install /home/kongpop/week4_ws/src/articubot_one/build/articubot_one
[3.527s] Level 1:colcon.colcon_core.environment:checking '/home/kongpop/week4_ws/src/articubot_one/install/articubot_one' for CMake module files
[3.528s] Level 1:colcon.colcon_core.environment:checking '/home/kongpop/week4_ws/src/articubot_one/install/articubot_one' for CMake config files
[3.528s] Level 1:colcon.colcon_core.shell:create_environment_hook('articubot_one', 'cmake_prefix_path')
[3.528s] INFO:colcon.colcon_core.shell:Creating environment hook '/home/kongpop/week4_ws/src/articubot_one/install/articubot_one/share/articubot_one/hook/cmake_prefix_path.ps1'
[3.529s] INFO:colcon.colcon_core.shell:Creating environment descriptor '/home/kongpop/week4_ws/src/articubot_one/install/articubot_one/share/articubot_one/hook/cmake_prefix_path.dsv'
[3.530s] INFO:colcon.colcon_core.shell:Creating environment hook '/home/kongpop/week4_ws/src/articubot_one/install/articubot_one/share/articubot_one/hook/cmake_prefix_path.sh'
[3.531s] Level 1:colcon.colcon_core.environment:checking '/home/kongpop/week4_ws/src/articubot_one/install/articubot_one/bin'
[3.531s] Level 1:colcon.colcon_core.environment:checking '/home/kongpop/week4_ws/src/articubot_one/install/articubot_one/lib/pkgconfig/articubot_one.pc'
[3.531s] Level 1:colcon.colcon_core.environment:checking '/home/kongpop/week4_ws/src/articubot_one/install/articubot_one/lib/python3.10/site-packages'
[3.531s] Level 1:colcon.colcon_core.environment:checking '/home/kongpop/week4_ws/src/articubot_one/install/articubot_one/bin'
[3.532s] INFO:colcon.colcon_core.shell:Creating package script '/home/kongpop/week4_ws/src/articubot_one/install/articubot_one/share/articubot_one/package.ps1'
[3.532s] INFO:colcon.colcon_core.shell:Creating package descriptor '/home/kongpop/week4_ws/src/articubot_one/install/articubot_one/share/articubot_one/package.dsv'
[3.533s] INFO:colcon.colcon_core.shell:Creating package script '/home/kongpop/week4_ws/src/articubot_one/install/articubot_one/share/articubot_one/package.sh'
[3.534s] INFO:colcon.colcon_core.shell:Creating package script '/home/kongpop/week4_ws/src/articubot_one/install/articubot_one/share/articubot_one/package.bash'
[3.535s] INFO:colcon.colcon_core.shell:Creating package script '/home/kongpop/week4_ws/src/articubot_one/install/articubot_one/share/articubot_one/package.zsh'
[3.535s] Level 1:colcon.colcon_core.environment:create_file_with_runtime_dependencies(/home/kongpop/week4_ws/src/articubot_one/install/articubot_one/share/colcon-core/packages/articubot_one)
[3.537s] Level 1:colcon.colcon_core.environment:create_environment_scripts_only(articubot_one)
[3.537s] Level 1:colcon.colcon_core.environment:checking '/home/kongpop/week4_ws/src/articubot_one/install/articubot_one' for CMake module files
[3.537s] Level 1:colcon.colcon_core.environment:checking '/home/kongpop/week4_ws/src/articubot_one/install/articubot_one' for CMake config files
[3.538s] Level 1:colcon.colcon_core.shell:create_environment_hook('articubot_one', 'cmake_prefix_path')
[3.538s] INFO:colcon.colcon_core.shell:Creating environment hook '/home/kongpop/week4_ws/src/articubot_one/install/articubot_one/share/articubot_one/hook/cmake_prefix_path.ps1'
[3.538s] INFO:colcon.colcon_core.shell:Creating environment descriptor '/home/kongpop/week4_ws/src/articubot_one/install/articubot_one/share/articubot_one/hook/cmake_prefix_path.dsv'
[3.539s] INFO:colcon.colcon_core.shell:Creating environment hook '/home/kongpop/week4_ws/src/articubot_one/install/articubot_one/share/articubot_one/hook/cmake_prefix_path.sh'
[3.539s] Level 1:colcon.colcon_core.environment:checking '/home/kongpop/week4_ws/src/articubot_one/install/articubot_one/bin'
[3.539s] Level 1:colcon.colcon_core.environment:checking '/home/kongpop/week4_ws/src/articubot_one/install/articubot_one/lib/pkgconfig/articubot_one.pc'
[3.540s] Level 1:colcon.colcon_core.environment:checking '/home/kongpop/week4_ws/src/articubot_one/install/articubot_one/lib/python3.10/site-packages'
[3.540s] Level 1:colcon.colcon_core.environment:checking '/home/kongpop/week4_ws/src/articubot_one/install/articubot_one/bin'
[3.540s] INFO:colcon.colcon_core.shell:Creating package script '/home/kongpop/week4_ws/src/articubot_one/install/articubot_one/share/articubot_one/package.ps1'
[3.541s] INFO:colcon.colcon_core.shell:Creating package descriptor '/home/kongpop/week4_ws/src/articubot_one/install/articubot_one/share/articubot_one/package.dsv'
[3.541s] INFO:colcon.colcon_core.shell:Creating package script '/home/kongpop/week4_ws/src/articubot_one/install/articubot_one/share/articubot_one/package.sh'
[3.542s] INFO:colcon.colcon_core.shell:Creating package script '/home/kongpop/week4_ws/src/articubot_one/install/articubot_one/share/articubot_one/package.bash'
[3.542s] INFO:colcon.colcon_core.shell:Creating package script '/home/kongpop/week4_ws/src/articubot_one/install/articubot_one/share/articubot_one/package.zsh'
[3.543s] Level 1:colcon.colcon_core.environment:create_file_with_runtime_dependencies(/home/kongpop/week4_ws/src/articubot_one/install/articubot_one/share/colcon-core/packages/articubot_one)
[3.543s] DEBUG:colcon.colcon_parallel_executor.executor.parallel:closing loop
[3.544s] DEBUG:colcon.colcon_parallel_executor.executor.parallel:loop closed
[3.544s] DEBUG:colcon.colcon_parallel_executor.executor.parallel:run_until_complete finished with '0'
[3.545s] DEBUG:colcon.colcon_core.event_reactor:joining thread
[3.608s] INFO:colcon.colcon_core.plugin_system:Skipping extension 'colcon_notification.desktop_notification.notify_send': Could not find 'notify-send'
[3.609s] INFO:colcon.colcon_core.plugin_system:Skipping extension 'colcon_notification.desktop_notification.terminal_notifier': Not used on non-Darwin systems
[3.609s] INFO:colcon.colcon_core.plugin_system:Skipping extension 'colcon_notification.desktop_notification.win32': Not used on non-Windows systems
[3.609s] INFO:colcon.colcon_notification.desktop_notification:Sending desktop notification using 'notify2'
[3.610s] DEBUG:colcon.colcon_notification.desktop_notification.notify2:Failed to initialize notify2: org.freedesktop.DBus.Error.ServiceUnknown: The name org.freedesktop.Notifications was not provided by any .service files
[3.610s] DEBUG:colcon.colcon_core.event_reactor:joined thread
[3.611s] INFO:colcon.colcon_core.shell:Creating prefix script '/home/kongpop/week4_ws/src/articubot_one/install/local_setup.ps1'
[3.612s] INFO:colcon.colcon_core.shell:Creating prefix util module '/home/kongpop/week4_ws/src/articubot_one/install/_local_setup_util_ps1.py'
[3.614s] INFO:colcon.colcon_core.shell:Creating prefix chain script '/home/kongpop/week4_ws/src/articubot_one/install/setup.ps1'
[3.615s] INFO:colcon.colcon_core.shell:Creating prefix script '/home/kongpop/week4_ws/src/articubot_one/install/local_setup.sh'
[3.616s] INFO:colcon.colcon_core.shell:Creating prefix util module '/home/kongpop/week4_ws/src/articubot_one/install/_local_setup_util_sh.py'
[3.616s] INFO:colcon.colcon_core.shell:Creating prefix chain script '/home/kongpop/week4_ws/src/articubot_one/install/setup.sh'
[3.617s] INFO:colcon.colcon_core.shell:Creating prefix script '/home/kongpop/week4_ws/src/articubot_one/install/local_setup.bash'
[3.618s] INFO:colcon.colcon_core.shell:Creating prefix chain script '/home/kongpop/week4_ws/src/articubot_one/install/setup.bash'
[3.619s] INFO:colcon.colcon_core.shell:Creating prefix script '/home/kongpop/week4_ws/src/articubot_one/install/local_setup.zsh'
[3.619s] INFO:colcon.colcon_core.shell:Creating prefix chain script '/home/kongpop/week4_ws/src/articubot_one/install/setup.zsh'
