[0.031s] Invoking command in '/home/kongpop/week4_ws/src/articubot_one/build/articubot_one': CMAKE_PREFIX_PATH=${CMAKE_PREFIX_PATH}:/home/kongpop/turtlebot3_ws/install/turtlebot3_teleop:/home/kongpop/turtlebot3_ws/install/turtlebot3_example:/opt/ros/humble /usr/bin/cmake --build /home/kongpop/week4_ws/src/articubot_one/build/articubot_one -- -j8 -l8
[0.164s] Invoked command in '/home/kongpop/week4_ws/src/articubot_one/build/articubot_one' returned '0': CMAKE_PREFIX_PATH=${CMAKE_PREFIX_PATH}:/home/kongpop/turtlebot3_ws/install/turtlebot3_teleop:/home/kongpop/turtlebot3_ws/install/turtlebot3_example:/opt/ros/humble /usr/bin/cmake --build /home/kongpop/week4_ws/src/articubot_one/build/articubot_one -- -j8 -l8
[0.178s] Invoking command in '/home/kongpop/week4_ws/src/articubot_one/build/articubot_one': CMAKE_PREFIX_PATH=${CMAKE_PREFIX_PATH}:/home/kongpop/turtlebot3_ws/install/turtlebot3_teleop:/home/kongpop/turtlebot3_ws/install/turtlebot3_example:/opt/ros/humble /usr/bin/cmake --install /home/kongpop/week4_ws/src/articubot_one/build/articubot_one
[0.187s] -- Install configuration: ""
[0.189s] -- Execute custom install script
[0.192s] -- Up-to-date symlink: /home/kongpop/week4_ws/src/articubot_one/install/articubot_one/share/articubot_one/config/empty.yaml
[0.196s] [33mCMake Warning (dev) at ament_cmake_symlink_install/ament_cmake_symlink_install.cmake:62 (file):
[0.196s]   Policy CMP0009 is not set: FILE GLOB_RECURSE calls should not follow
[0.196s]   symlinks by default.  Run "cmake --help-policy CMP0009" for policy details.
[0.196s]   Use the cmake_policy command to set the policy and suppress this warning.
[0.196s] Call Stack (most recent call first):
[0.196s]   ament_cmake_symlink_install/ament_cmake_symlink_install.cmake:314 (ament_cmake_symlink_install_directory)
[0.196s]   cmake_install.cmake:46 (include)
[0.196s] This warning is for project developers.  Use -Wno-dev to suppress it.
[0.196s] [0m
[0.197s] -- Up-to-date symlink: /home/kongpop/week4_ws/src/articubot_one/install/articubot_one/share/articubot_one/description/build/.built_by
[0.197s] -- Up-to-date symlink: /home/kongpop/week4_ws/src/articubot_one/install/articubot_one/share/articubot_one/description/build/COLCON_IGNORE
[0.198s] -- Up-to-date symlink: /home/kongpop/week4_ws/src/articubot_one/install/articubot_one/share/articubot_one/description/gazebo_control.xacro
[0.199s] -- Up-to-date symlink: /home/kongpop/week4_ws/src/articubot_one/install/articubot_one/share/articubot_one/description/gazebo_control.xacro:Zone.Identifier
[0.200s] -- Up-to-date symlink: /home/kongpop/week4_ws/src/articubot_one/install/articubot_one/share/articubot_one/description/inertial_macros.xacro
[0.200s] -- Up-to-date symlink: /home/kongpop/week4_ws/src/articubot_one/install/articubot_one/share/articubot_one/description/inertial_macros.xacro:Zone.Identifier
[0.202s] -- Up-to-date symlink: /home/kongpop/week4_ws/src/articubot_one/install/articubot_one/share/articubot_one/description/install/.colcon_install_layout
[0.202s] -- Up-to-date symlink: /home/kongpop/week4_ws/src/articubot_one/install/articubot_one/share/articubot_one/description/install/COLCON_IGNORE
[0.203s] -- Up-to-date symlink: /home/kongpop/week4_ws/src/articubot_one/install/articubot_one/share/articubot_one/description/install/_local_setup_util_ps1.py
[0.203s] -- Up-to-date symlink: /home/kongpop/week4_ws/src/articubot_one/install/articubot_one/share/articubot_one/description/install/_local_setup_util_sh.py
[0.204s] -- Up-to-date symlink: /home/kongpop/week4_ws/src/articubot_one/install/articubot_one/share/articubot_one/description/install/local_setup.bash
[0.205s] -- Up-to-date symlink: /home/kongpop/week4_ws/src/articubot_one/install/articubot_one/share/articubot_one/description/install/local_setup.ps1
[0.205s] -- Up-to-date symlink: /home/kongpop/week4_ws/src/articubot_one/install/articubot_one/share/articubot_one/description/install/local_setup.sh
[0.206s] -- Up-to-date symlink: /home/kongpop/week4_ws/src/articubot_one/install/articubot_one/share/articubot_one/description/install/local_setup.zsh
[0.207s] -- Up-to-date symlink: /home/kongpop/week4_ws/src/articubot_one/install/articubot_one/share/articubot_one/description/install/setup.bash
[0.208s] -- Up-to-date symlink: /home/kongpop/week4_ws/src/articubot_one/install/articubot_one/share/articubot_one/description/install/setup.ps1
[0.208s] -- Up-to-date symlink: /home/kongpop/week4_ws/src/articubot_one/install/articubot_one/share/articubot_one/description/install/setup.sh
[0.209s] -- Up-to-date symlink: /home/kongpop/week4_ws/src/articubot_one/install/articubot_one/share/articubot_one/description/install/setup.zsh
[0.210s] -- Up-to-date symlink: /home/kongpop/week4_ws/src/articubot_one/install/articubot_one/share/articubot_one/description/lidar.xacro
[0.210s] -- Up-to-date symlink: /home/kongpop/week4_ws/src/articubot_one/install/articubot_one/share/articubot_one/description/lidar.xacro:Zone.Identifier
[0.211s] -- Up-to-date symlink: /home/kongpop/week4_ws/src/articubot_one/install/articubot_one/share/articubot_one/description/log/COLCON_IGNORE
[0.212s] -- Up-to-date symlink: /home/kongpop/week4_ws/src/articubot_one/install/articubot_one/share/articubot_one/description/log/build_2024-12-16_14-26-40/events.log
[0.213s] -- Up-to-date symlink: /home/kongpop/week4_ws/src/articubot_one/install/articubot_one/share/articubot_one/description/log/build_2024-12-16_14-26-40/logger_all.log
[0.214s] -- Up-to-date symlink: /home/kongpop/week4_ws/src/articubot_one/install/articubot_one/share/articubot_one/description/log/build_2024-12-16_14-47-34/events.log
[0.215s] -- Up-to-date symlink: /home/kongpop/week4_ws/src/articubot_one/install/articubot_one/share/articubot_one/description/log/build_2024-12-16_14-47-34/logger_all.log
[0.216s] -- Up-to-date symlink: /home/kongpop/week4_ws/src/articubot_one/install/articubot_one/share/articubot_one/description/log/build_2024-12-23_16-05-59/events.log
[0.217s] -- Up-to-date symlink: /home/kongpop/week4_ws/src/articubot_one/install/articubot_one/share/articubot_one/description/log/build_2024-12-23_16-05-59/logger_all.log
[0.219s] -- Up-to-date symlink: /home/kongpop/week4_ws/src/articubot_one/install/articubot_one/share/articubot_one/description/log/latest/events.log
[0.219s] -- Up-to-date symlink: /home/kongpop/week4_ws/src/articubot_one/install/articubot_one/share/articubot_one/description/log/latest/logger_all.log
[0.220s] -- Up-to-date symlink: /home/kongpop/week4_ws/src/articubot_one/install/articubot_one/share/articubot_one/description/log/latest_build/events.log
[0.221s] -- Up-to-date symlink: /home/kongpop/week4_ws/src/articubot_one/install/articubot_one/share/articubot_one/description/log/latest_build/logger_all.log
[0.222s] -- Up-to-date symlink: /home/kongpop/week4_ws/src/articubot_one/install/articubot_one/share/articubot_one/description/robot.urdf.xacro
[0.222s] -- Up-to-date symlink: /home/kongpop/week4_ws/src/articubot_one/install/articubot_one/share/articubot_one/description/robot.urdf.xacro:Zone.Identifier
[0.223s] -- Up-to-date symlink: /home/kongpop/week4_ws/src/articubot_one/install/articubot_one/share/articubot_one/description/robot_core.xacro
[0.224s] -- Up-to-date symlink: /home/kongpop/week4_ws/src/articubot_one/install/articubot_one/share/articubot_one/description/robot_core.xacro:Zone.Identifier
[0.225s] -- Up-to-date symlink: /home/kongpop/week4_ws/src/articubot_one/install/articubot_one/share/articubot_one/launch/launch_sim.launch.py
[0.226s] -- Up-to-date symlink: /home/kongpop/week4_ws/src/articubot_one/install/articubot_one/share/articubot_one/launch/rsp.launch.py
[0.227s] -- Up-to-date symlink: /home/kongpop/week4_ws/src/articubot_one/install/articubot_one/share/articubot_one/worlds/empty.world
[0.228s] -- Up-to-date symlink: /home/kongpop/week4_ws/src/articubot_one/install/articubot_one/share/ament_index/resource_index/package_run_dependencies/articubot_one
[0.230s] -- Up-to-date symlink: /home/kongpop/week4_ws/src/articubot_one/install/articubot_one/share/ament_index/resource_index/parent_prefix_path/articubot_one
[0.230s] -- Up-to-date symlink: /home/kongpop/week4_ws/src/articubot_one/install/articubot_one/share/articubot_one/environment/ament_prefix_path.sh
[0.231s] -- Up-to-date symlink: /home/kongpop/week4_ws/src/articubot_one/install/articubot_one/share/articubot_one/environment/ament_prefix_path.dsv
[0.232s] -- Up-to-date symlink: /home/kongpop/week4_ws/src/articubot_one/install/articubot_one/share/articubot_one/environment/path.sh
[0.233s] -- Up-to-date symlink: /home/kongpop/week4_ws/src/articubot_one/install/articubot_one/share/articubot_one/environment/path.dsv
[0.233s] -- Up-to-date symlink: /home/kongpop/week4_ws/src/articubot_one/install/articubot_one/share/articubot_one/local_setup.bash
[0.234s] -- Up-to-date symlink: /home/kongpop/week4_ws/src/articubot_one/install/articubot_one/share/articubot_one/local_setup.sh
[0.235s] -- Up-to-date symlink: /home/kongpop/week4_ws/src/articubot_one/install/articubot_one/share/articubot_one/local_setup.zsh
[0.235s] -- Up-to-date symlink: /home/kongpop/week4_ws/src/articubot_one/install/articubot_one/share/articubot_one/local_setup.dsv
[0.236s] -- Symlinking: /home/kongpop/week4_ws/src/articubot_one/install/articubot_one/share/articubot_one/package.dsv
[0.249s] -- Up-to-date symlink: /home/kongpop/week4_ws/src/articubot_one/install/articubot_one/share/ament_index/resource_index/packages/articubot_one
[0.250s] -- Up-to-date symlink: /home/kongpop/week4_ws/src/articubot_one/install/articubot_one/share/articubot_one/cmake/articubot_oneConfig.cmake
[0.250s] -- Up-to-date symlink: /home/kongpop/week4_ws/src/articubot_one/install/articubot_one/share/articubot_one/cmake/articubot_oneConfig-version.cmake
[0.251s] -- Up-to-date symlink: /home/kongpop/week4_ws/src/articubot_one/install/articubot_one/share/articubot_one/package.xml
[0.254s] Invoked command in '/home/kongpop/week4_ws/src/articubot_one/build/articubot_one' returned '0': CMAKE_PREFIX_PATH=${CMAKE_PREFIX_PATH}:/home/kongpop/turtlebot3_ws/install/turtlebot3_teleop:/home/kongpop/turtlebot3_ws/install/turtlebot3_example:/opt/ros/humble /usr/bin/cmake --install /home/kongpop/week4_ws/src/articubot_one/build/articubot_one
