-- Install configuration: ""
-- Execute custom install script
-- Up-to-date symlink: /home/kongpop/week4_ws/src/articubot_one/install/articubot_one/share/articubot_one/config/empty.yaml
[33mCMake Warning (dev) at ament_cmake_symlink_install/ament_cmake_symlink_install.cmake:62 (file):
  Policy CMP0009 is not set: FILE GLOB_RECURSE calls should not follow
  symlinks by default.  Run "cmake --help-policy CMP0009" for policy details.
  Use the cmake_policy command to set the policy and suppress this warning.
Call Stack (most recent call first):
  ament_cmake_symlink_install/ament_cmake_symlink_install.cmake:314 (ament_cmake_symlink_install_directory)
  cmake_install.cmake:46 (include)
This warning is for project developers.  Use -Wno-dev to suppress it.
[0m
-- Up-to-date symlink: /home/kongpop/week4_ws/src/articubot_one/install/articubot_one/share/articubot_one/description/build/.built_by
-- Up-to-date symlink: /home/kongpop/week4_ws/src/articubot_one/install/articubot_one/share/articubot_one/description/build/COLCON_IGNORE
-- Symlinking: /home/kongpop/week4_ws/src/articubot_one/install/articubot_one/share/articubot_one/description/gazebo_control.xacro
-- Symlinking: /home/kongpop/week4_ws/src/articubot_one/install/articubot_one/share/articubot_one/description/gazebo_control.xacro:Zone.Identifier
-- Up-to-date symlink: /home/kongpop/week4_ws/src/articubot_one/install/articubot_one/share/articubot_one/description/inertial_macros.xacro
-- Symlinking: /home/kongpop/week4_ws/src/articubot_one/install/articubot_one/share/articubot_one/description/inertial_macros.xacro:Zone.Identifier
-- Up-to-date symlink: /home/kongpop/week4_ws/src/articubot_one/install/articubot_one/share/articubot_one/description/install/.colcon_install_layout
-- Up-to-date symlink: /home/kongpop/week4_ws/src/articubot_one/install/articubot_one/share/articubot_one/description/install/COLCON_IGNORE
-- Up-to-date symlink: /home/kongpop/week4_ws/src/articubot_one/install/articubot_one/share/articubot_one/description/install/_local_setup_util_ps1.py
-- Up-to-date symlink: /home/kongpop/week4_ws/src/articubot_one/install/articubot_one/share/articubot_one/description/install/_local_setup_util_sh.py
-- Up-to-date symlink: /home/kongpop/week4_ws/src/articubot_one/install/articubot_one/share/articubot_one/description/install/local_setup.bash
-- Up-to-date symlink: /home/kongpop/week4_ws/src/articubot_one/install/articubot_one/share/articubot_one/description/install/local_setup.ps1
-- Up-to-date symlink: /home/kongpop/week4_ws/src/articubot_one/install/articubot_one/share/articubot_one/description/install/local_setup.sh
-- Up-to-date symlink: /home/kongpop/week4_ws/src/articubot_one/install/articubot_one/share/articubot_one/description/install/local_setup.zsh
-- Up-to-date symlink: /home/kongpop/week4_ws/src/articubot_one/install/articubot_one/share/articubot_one/description/install/setup.bash
-- Up-to-date symlink: /home/kongpop/week4_ws/src/articubot_one/install/articubot_one/share/articubot_one/description/install/setup.ps1
-- Up-to-date symlink: /home/kongpop/week4_ws/src/articubot_one/install/articubot_one/share/articubot_one/description/install/setup.sh
-- Up-to-date symlink: /home/kongpop/week4_ws/src/articubot_one/install/articubot_one/share/articubot_one/description/install/setup.zsh
-- Symlinking: /home/kongpop/week4_ws/src/articubot_one/install/articubot_one/share/articubot_one/description/lidar.xacro
-- Symlinking: /home/kongpop/week4_ws/src/articubot_one/install/articubot_one/share/articubot_one/description/lidar.xacro:Zone.Identifier
-- Up-to-date symlink: /home/kongpop/week4_ws/src/articubot_one/install/articubot_one/share/articubot_one/description/log/COLCON_IGNORE
-- Up-to-date symlink: /home/kongpop/week4_ws/src/articubot_one/install/articubot_one/share/articubot_one/description/log/build_2024-12-16_14-26-40/events.log
-- Up-to-date symlink: /home/kongpop/week4_ws/src/articubot_one/install/articubot_one/share/articubot_one/description/log/build_2024-12-16_14-26-40/logger_all.log
-- Up-to-date symlink: /home/kongpop/week4_ws/src/articubot_one/install/articubot_one/share/articubot_one/description/log/build_2024-12-16_14-47-34/events.log
-- Up-to-date symlink: /home/kongpop/week4_ws/src/articubot_one/install/articubot_one/share/articubot_one/description/log/build_2024-12-16_14-47-34/logger_all.log
-- Symlinking: /home/kongpop/week4_ws/src/articubot_one/install/articubot_one/share/articubot_one/description/log/build_2024-12-23_16-05-59/events.log
-- Symlinking: /home/kongpop/week4_ws/src/articubot_one/install/articubot_one/share/articubot_one/description/log/build_2024-12-23_16-05-59/logger_all.log
-- Up-to-date symlink: /home/kongpop/week4_ws/src/articubot_one/install/articubot_one/share/articubot_one/description/log/latest/events.log
-- Up-to-date symlink: /home/kongpop/week4_ws/src/articubot_one/install/articubot_one/share/articubot_one/description/log/latest/logger_all.log
-- Up-to-date symlink: /home/kongpop/week4_ws/src/articubot_one/install/articubot_one/share/articubot_one/description/log/latest_build/events.log
-- Up-to-date symlink: /home/kongpop/week4_ws/src/articubot_one/install/articubot_one/share/articubot_one/description/log/latest_build/logger_all.log
-- Up-to-date symlink: /home/kongpop/week4_ws/src/articubot_one/install/articubot_one/share/articubot_one/description/robot.urdf.xacro
-- Symlinking: /home/kongpop/week4_ws/src/articubot_one/install/articubot_one/share/articubot_one/description/robot.urdf.xacro:Zone.Identifier
-- Up-to-date symlink: /home/kongpop/week4_ws/src/articubot_one/install/articubot_one/share/articubot_one/description/robot_core.xacro
-- Symlinking: /home/kongpop/week4_ws/src/articubot_one/install/articubot_one/share/articubot_one/description/robot_core.xacro:Zone.Identifier
-- Symlinking: /home/kongpop/week4_ws/src/articubot_one/install/articubot_one/share/articubot_one/launch/launch_sim.launch.py
-- Up-to-date symlink: /home/kongpop/week4_ws/src/articubot_one/install/articubot_one/share/articubot_one/launch/rsp.launch.py
-- Up-to-date symlink: /home/kongpop/week4_ws/src/articubot_one/install/articubot_one/share/articubot_one/worlds/empty.world
-- Up-to-date symlink: /home/kongpop/week4_ws/src/articubot_one/install/articubot_one/share/ament_index/resource_index/package_run_dependencies/articubot_one
-- Up-to-date symlink: /home/kongpop/week4_ws/src/articubot_one/install/articubot_one/share/ament_index/resource_index/parent_prefix_path/articubot_one
-- Up-to-date symlink: /home/kongpop/week4_ws/src/articubot_one/install/articubot_one/share/articubot_one/environment/ament_prefix_path.sh
-- Up-to-date symlink: /home/kongpop/week4_ws/src/articubot_one/install/articubot_one/share/articubot_one/environment/ament_prefix_path.dsv
-- Up-to-date symlink: /home/kongpop/week4_ws/src/articubot_one/install/articubot_one/share/articubot_one/environment/path.sh
-- Up-to-date symlink: /home/kongpop/week4_ws/src/articubot_one/install/articubot_one/share/articubot_one/environment/path.dsv
-- Up-to-date symlink: /home/kongpop/week4_ws/src/articubot_one/install/articubot_one/share/articubot_one/local_setup.bash
-- Up-to-date symlink: /home/kongpop/week4_ws/src/articubot_one/install/articubot_one/share/articubot_one/local_setup.sh
-- Up-to-date symlink: /home/kongpop/week4_ws/src/articubot_one/install/articubot_one/share/articubot_one/local_setup.zsh
-- Up-to-date symlink: /home/kongpop/week4_ws/src/articubot_one/install/articubot_one/share/articubot_one/local_setup.dsv
-- Symlinking: /home/kongpop/week4_ws/src/articubot_one/install/articubot_one/share/articubot_one/package.dsv
-- Up-to-date symlink: /home/kongpop/week4_ws/src/articubot_one/install/articubot_one/share/ament_index/resource_index/packages/articubot_one
-- Up-to-date symlink: /home/kongpop/week4_ws/src/articubot_one/install/articubot_one/share/articubot_one/cmake/articubot_oneConfig.cmake
-- Up-to-date symlink: /home/kongpop/week4_ws/src/articubot_one/install/articubot_one/share/articubot_one/cmake/articubot_oneConfig-version.cmake
-- Up-to-date symlink: /home/kongpop/week4_ws/src/articubot_one/install/articubot_one/share/articubot_one/package.xml
