[0.040s] Invoking command in '/home/kongpop/week4_ws/src/articubot_one/build/articubot_one': CMAKE_PREFIX_PATH=/opt/ros/humble /usr/bin/cmake --build /home/kongpop/week4_ws/src/articubot_one/build/articubot_one -- -j8 -l8
[0.180s] Invoked command in '/home/kongpop/week4_ws/src/articubot_one/build/articubot_one' returned '0': CMAKE_PREFIX_PATH=/opt/ros/humble /usr/bin/cmake --build /home/kongpop/week4_ws/src/articubot_one/build/articubot_one -- -j8 -l8
[0.203s] Invoking command in '/home/kongpop/week4_ws/src/articubot_one/build/articubot_one': CMAKE_PREFIX_PATH=/opt/ros/humble /usr/bin/cmake --install /home/kongpop/week4_ws/src/articubot_one/build/articubot_one
[0.217s] -- Install configuration: ""
[0.219s] -- Execute custom install script
[0.223s] -- Up-to-date symlink: /home/kongpop/week4_ws/src/articubot_one/install/articubot_one/share/articubot_one/config/empty.yaml
[0.226s] [33mCMake Warning (dev) at ament_cmake_symlink_install/ament_cmake_symlink_install.cmake:62 (file):
[0.226s]   Policy CMP0009 is not set: FILE GLOB_RECURSE calls should not follow
[0.226s]   symlinks by default.  Run "cmake --help-policy CMP0009" for policy details.
[0.227s]   Use the cmake_policy command to set the policy and suppress this warning.
[0.227s] Call Stack (most recent call first):
[0.227s]   ament_cmake_symlink_install/ament_cmake_symlink_install.cmake:314 (ament_cmake_symlink_install_directory)
[0.227s]   cmake_install.cmake:46 (include)
[0.227s] This warning is for project developers.  Use -Wno-dev to suppress it.
[0.228s] [0m
[0.229s] -- Up-to-date symlink: /home/kongpop/week4_ws/src/articubot_one/install/articubot_one/share/articubot_one/description/build/.built_by
[0.229s] -- Up-to-date symlink: /home/kongpop/week4_ws/src/articubot_one/install/articubot_one/share/articubot_one/description/build/COLCON_IGNORE
[0.230s] -- Symlinking: /home/kongpop/week4_ws/src/articubot_one/install/articubot_one/share/articubot_one/description/gazebo_control.xacro
[0.246s] -- Symlinking: /home/kongpop/week4_ws/src/articubot_one/install/articubot_one/share/articubot_one/description/gazebo_control.xacro:Zone.Identifier
[0.270s] -- Up-to-date symlink: /home/kongpop/week4_ws/src/articubot_one/install/articubot_one/share/articubot_one/description/inertial_macros.xacro
[0.270s] -- Symlinking: /home/kongpop/week4_ws/src/articubot_one/install/articubot_one/share/articubot_one/description/inertial_macros.xacro:Zone.Identifier
[0.288s] -- Up-to-date symlink: /home/kongpop/week4_ws/src/articubot_one/install/articubot_one/share/articubot_one/description/install/.colcon_install_layout
[0.289s] -- Up-to-date symlink: /home/kongpop/week4_ws/src/articubot_one/install/articubot_one/share/articubot_one/description/install/COLCON_IGNORE
[0.290s] -- Up-to-date symlink: /home/kongpop/week4_ws/src/articubot_one/install/articubot_one/share/articubot_one/description/install/_local_setup_util_ps1.py
[0.291s] -- Up-to-date symlink: /home/kongpop/week4_ws/src/articubot_one/install/articubot_one/share/articubot_one/description/install/_local_setup_util_sh.py
[0.292s] -- Up-to-date symlink: /home/kongpop/week4_ws/src/articubot_one/install/articubot_one/share/articubot_one/description/install/local_setup.bash
[0.293s] -- Up-to-date symlink: /home/kongpop/week4_ws/src/articubot_one/install/articubot_one/share/articubot_one/description/install/local_setup.ps1
[0.294s] -- Up-to-date symlink: /home/kongpop/week4_ws/src/articubot_one/install/articubot_one/share/articubot_one/description/install/local_setup.sh
[0.295s] -- Up-to-date symlink: /home/kongpop/week4_ws/src/articubot_one/install/articubot_one/share/articubot_one/description/install/local_setup.zsh
[0.297s] -- Up-to-date symlink: /home/kongpop/week4_ws/src/articubot_one/install/articubot_one/share/articubot_one/description/install/setup.bash
[0.297s] -- Up-to-date symlink: /home/kongpop/week4_ws/src/articubot_one/install/articubot_one/share/articubot_one/description/install/setup.ps1
[0.299s] -- Up-to-date symlink: /home/kongpop/week4_ws/src/articubot_one/install/articubot_one/share/articubot_one/description/install/setup.sh
[0.299s] -- Up-to-date symlink: /home/kongpop/week4_ws/src/articubot_one/install/articubot_one/share/articubot_one/description/install/setup.zsh
[0.300s] -- Symlinking: /home/kongpop/week4_ws/src/articubot_one/install/articubot_one/share/articubot_one/description/lidar.xacro
[0.317s] -- Symlinking: /home/kongpop/week4_ws/src/articubot_one/install/articubot_one/share/articubot_one/description/lidar.xacro:Zone.Identifier
[0.336s] -- Up-to-date symlink: /home/kongpop/week4_ws/src/articubot_one/install/articubot_one/share/articubot_one/description/log/COLCON_IGNORE
[0.338s] -- Up-to-date symlink: /home/kongpop/week4_ws/src/articubot_one/install/articubot_one/share/articubot_one/description/log/build_2024-12-16_14-26-40/events.log
[0.340s] -- Up-to-date symlink: /home/kongpop/week4_ws/src/articubot_one/install/articubot_one/share/articubot_one/description/log/build_2024-12-16_14-26-40/logger_all.log
[0.342s] -- Up-to-date symlink: /home/kongpop/week4_ws/src/articubot_one/install/articubot_one/share/articubot_one/description/log/build_2024-12-16_14-47-34/events.log
[0.344s] -- Up-to-date symlink: /home/kongpop/week4_ws/src/articubot_one/install/articubot_one/share/articubot_one/description/log/build_2024-12-16_14-47-34/logger_all.log
[0.346s] -- Symlinking: /home/kongpop/week4_ws/src/articubot_one/install/articubot_one/share/articubot_one/description/log/build_2024-12-23_16-05-59/events.log
[0.363s] -- Symlinking: /home/kongpop/week4_ws/src/articubot_one/install/articubot_one/share/articubot_one/description/log/build_2024-12-23_16-05-59/logger_all.log
[0.379s] -- Up-to-date symlink: /home/kongpop/week4_ws/src/articubot_one/install/articubot_one/share/articubot_one/description/log/latest/events.log
[0.380s] -- Up-to-date symlink: /home/kongpop/week4_ws/src/articubot_one/install/articubot_one/share/articubot_one/description/log/latest/logger_all.log
[0.382s] -- Up-to-date symlink: /home/kongpop/week4_ws/src/articubot_one/install/articubot_one/share/articubot_one/description/log/latest_build/events.log
[0.382s] -- Up-to-date symlink: /home/kongpop/week4_ws/src/articubot_one/install/articubot_one/share/articubot_one/description/log/latest_build/logger_all.log
[0.383s] -- Up-to-date symlink: /home/kongpop/week4_ws/src/articubot_one/install/articubot_one/share/articubot_one/description/robot.urdf.xacro
[0.384s] -- Symlinking: /home/kongpop/week4_ws/src/articubot_one/install/articubot_one/share/articubot_one/description/robot.urdf.xacro:Zone.Identifier
[0.399s] -- Up-to-date symlink: /home/kongpop/week4_ws/src/articubot_one/install/articubot_one/share/articubot_one/description/robot_core.xacro
[0.399s] -- Symlinking: /home/kongpop/week4_ws/src/articubot_one/install/articubot_one/share/articubot_one/description/robot_core.xacro:Zone.Identifier
[0.414s] -- Symlinking: /home/kongpop/week4_ws/src/articubot_one/install/articubot_one/share/articubot_one/launch/launch_sim.launch.py
[0.435s] -- Up-to-date symlink: /home/kongpop/week4_ws/src/articubot_one/install/articubot_one/share/articubot_one/launch/rsp.launch.py
[0.437s] -- Up-to-date symlink: /home/kongpop/week4_ws/src/articubot_one/install/articubot_one/share/articubot_one/worlds/empty.world
[0.440s] -- Up-to-date symlink: /home/kongpop/week4_ws/src/articubot_one/install/articubot_one/share/ament_index/resource_index/package_run_dependencies/articubot_one
[0.441s] -- Up-to-date symlink: /home/kongpop/week4_ws/src/articubot_one/install/articubot_one/share/ament_index/resource_index/parent_prefix_path/articubot_one
[0.444s] -- Up-to-date symlink: /home/kongpop/week4_ws/src/articubot_one/install/articubot_one/share/articubot_one/environment/ament_prefix_path.sh
[0.445s] -- Up-to-date symlink: /home/kongpop/week4_ws/src/articubot_one/install/articubot_one/share/articubot_one/environment/ament_prefix_path.dsv
[0.446s] -- Up-to-date symlink: /home/kongpop/week4_ws/src/articubot_one/install/articubot_one/share/articubot_one/environment/path.sh
[0.447s] -- Up-to-date symlink: /home/kongpop/week4_ws/src/articubot_one/install/articubot_one/share/articubot_one/environment/path.dsv
[0.448s] -- Up-to-date symlink: /home/kongpop/week4_ws/src/articubot_one/install/articubot_one/share/articubot_one/local_setup.bash
[0.449s] -- Up-to-date symlink: /home/kongpop/week4_ws/src/articubot_one/install/articubot_one/share/articubot_one/local_setup.sh
[0.450s] -- Up-to-date symlink: /home/kongpop/week4_ws/src/articubot_one/install/articubot_one/share/articubot_one/local_setup.zsh
[0.451s] -- Up-to-date symlink: /home/kongpop/week4_ws/src/articubot_one/install/articubot_one/share/articubot_one/local_setup.dsv
[0.451s] -- Symlinking: /home/kongpop/week4_ws/src/articubot_one/install/articubot_one/share/articubot_one/package.dsv
[0.469s] -- Up-to-date symlink: /home/kongpop/week4_ws/src/articubot_one/install/articubot_one/share/ament_index/resource_index/packages/articubot_one
[0.471s] -- Up-to-date symlink: /home/kongpop/week4_ws/src/articubot_one/install/articubot_one/share/articubot_one/cmake/articubot_oneConfig.cmake
[0.472s] -- Up-to-date symlink: /home/kongpop/week4_ws/src/articubot_one/install/articubot_one/share/articubot_one/cmake/articubot_oneConfig-version.cmake
[0.473s] -- Up-to-date symlink: /home/kongpop/week4_ws/src/articubot_one/install/articubot_one/share/articubot_one/package.xml
[0.477s] Invoked command in '/home/kongpop/week4_ws/src/articubot_one/build/articubot_one' returned '0': CMAKE_PREFIX_PATH=/opt/ros/humble /usr/bin/cmake --install /home/kongpop/week4_ws/src/articubot_one/build/articubot_one
